<?xml version="1.0" encoding="UTF-8"?>
<testng-results ignored="2" total="4" passed="1" failed="1" skipped="0">
  <reporter-output>
    <line>
      <![CDATA[Extent Report DirectoryG:\SOFTWARE ENGINEERING\PROJECTS\IdeaProjects\PNT\LearnWebAutomationFramework_WeekendMorningSeleniumNY_Winter2020\Amazon\target\surefire-reports\html]]>
    </line>
  </reporter-output>
  <suite started-at="2020-06-06T11:55:53 EDT" name="Amazon Automation Script" finished-at="2020-06-06T11:56:50 EDT" duration-ms="56645">
    <groups>
    </groups>
    <test started-at="2020-06-06T11:55:53 EDT" name="HomePage" finished-at="2020-06-06T11:56:50 EDT" duration-ms="56645">
      <class name="hometest.HomePageTest1">
        <test-method is-config="true" signature="setUp(boolean, java.lang.String, java.lang.String, java.lang.String, java.lang.String, java.lang.String, java.lang.String)[pri:0, instance:hometest.HomePageTest1@71c3b41]" started-at="2020-06-06T11:56:18 EDT" name="setUp" finished-at="2020-06-06T11:56:32 EDT" duration-ms="13712" status="PASS">
          <params>
            <param index="0">
              <value>
                <![CDATA[true]]>
              </value>
            </param>
            <param index="1">
              <value>
                <![CDATA[browserstack]]>
              </value>
            </param>
            <param index="2">
              <value>
                <![CDATA[windows]]>
              </value>
            </param>
            <param index="3">
              <value>
                <![CDATA[10]]>
              </value>
            </param>
            <param index="4">
              <value>
                <![CDATA[chrome]]>
              </value>
            </param>
            <param index="5">
              <value>
                <![CDATA[83]]>
              </value>
            </param>
            <param index="6">
              <value>
                <![CDATA[https://www.amazon.com]]>
              </value>
            </param>
          </params>
          <reporter-output>
          </reporter-output>
        </test-method> <!-- setUp -->
        <test-method is-config="true" signature="startExtent(java.lang.reflect.Method)[pri:0, instance:hometest.HomePageTest1@71c3b41]" started-at="2020-06-06T11:56:32 EDT" name="startExtent" finished-at="2020-06-06T11:56:32 EDT" duration-ms="1" status="PASS">
          <params>
            <param index="0">
              <value>
                <![CDATA[public void hometest.HomePageTest1.testSearchProduct() throws java.lang.InterruptedException]]>
              </value>
            </param>
          </params>
          <reporter-output>
          </reporter-output>
        </test-method> <!-- startExtent -->
        <test-method signature="testSearchProduct()[pri:0, instance:hometest.HomePageTest1@71c3b41]" started-at="2020-06-06T11:56:32 EDT" name="testSearchProduct" finished-at="2020-06-06T11:56:46 EDT" duration-ms="13694" status="FAIL">
          <exception class="java.lang.AssertionError">
            <message>
              <![CDATA[I phone 11 Pro is not Displayed expected ["iphone 11 pr"] but found ["iphone 11 pro"]]]>
            </message>
            <full-stacktrace>
              <![CDATA[java.lang.AssertionError: I phone 11 Pro is not Displayed expected ["iphone 11 pr"] but found ["iphone 11 pro"]
at org.testng.Assert.fail(Assert.java:97)
at org.testng.Assert.assertEqualsImpl(Assert.java:136)
at org.testng.Assert.assertEquals(Assert.java:118)
at org.testng.Assert.assertEquals(Assert.java:575)
at home.HomePage.validateSearchProduct1(HomePage.java:100)
at hometest.HomePageTest1.testSearchProduct(HomePageTest1.java:21)
at java.base/jdk.internal.reflect.NativeMethodAccessorImpl.invoke0(Native Method)
at java.base/jdk.internal.reflect.NativeMethodAccessorImpl.invoke(NativeMethodAccessorImpl.java:62)
at java.base/jdk.internal.reflect.DelegatingMethodAccessorImpl.invoke(DelegatingMethodAccessorImpl.java:43)
at java.base/java.lang.reflect.Method.invoke(Method.java:566)
at org.testng.internal.MethodInvocationHelper.invokeMethod(MethodInvocationHelper.java:134)
at org.testng.internal.TestInvoker.invokeMethod(TestInvoker.java:597)
at org.testng.internal.TestInvoker.invokeTestMethod(TestInvoker.java:173)
at org.testng.internal.MethodRunner.runInSequence(MethodRunner.java:46)
at org.testng.internal.TestInvoker$MethodInvocationAgent.invoke(TestInvoker.java:816)
at org.testng.internal.TestInvoker.invokeTestMethods(TestInvoker.java:146)
at org.testng.internal.TestMethodWorker.invokeTestMethods(TestMethodWorker.java:146)
at org.testng.internal.TestMethodWorker.run(TestMethodWorker.java:128)
at java.base/java.util.ArrayList.forEach(ArrayList.java:1540)
at org.testng.TestRunner.privateRun(TestRunner.java:766)
at org.testng.TestRunner.run(TestRunner.java:587)
at org.testng.SuiteRunner.runTest(SuiteRunner.java:384)
at org.testng.SuiteRunner.runSequentially(SuiteRunner.java:378)
at org.testng.SuiteRunner.privateRun(SuiteRunner.java:337)
at org.testng.SuiteRunner.run(SuiteRunner.java:286)
at org.testng.SuiteRunnerWorker.runSuite(SuiteRunnerWorker.java:53)
at org.testng.SuiteRunnerWorker.run(SuiteRunnerWorker.java:96)
at org.testng.TestNG.runSuitesSequentially(TestNG.java:1187)
at org.testng.TestNG.runSuitesLocally(TestNG.java:1109)
at org.testng.TestNG.runSuites(TestNG.java:1039)
at org.testng.TestNG.run(TestNG.java:1007)
at org.apache.maven.surefire.testng.TestNGExecutor.run(TestNGExecutor.java:283)
at org.apache.maven.surefire.testng.TestNGXmlTestSuite.execute(TestNGXmlTestSuite.java:75)
at org.apache.maven.surefire.testng.TestNGProvider.invoke(TestNGProvider.java:120)
at org.apache.maven.surefire.booter.ForkedBooter.runSuitesInProcess(ForkedBooter.java:377)
at org.apache.maven.surefire.booter.ForkedBooter.execute(ForkedBooter.java:138)
at org.apache.maven.surefire.booter.ForkedBooter.run(ForkedBooter.java:465)
at org.apache.maven.surefire.booter.ForkedBooter.main(ForkedBooter.java:451)
]]>
            </full-stacktrace>
          </exception> <!-- java.lang.AssertionError -->
          <reporter-output>
          </reporter-output>
        </test-method> <!-- testSearchProduct -->
        <test-method is-config="true" signature="afterEachTestMethod(org.testng.ITestResult)[pri:0, instance:hometest.HomePageTest1@71c3b41]" started-at="2020-06-06T11:56:46 EDT" name="afterEachTestMethod" finished-at="2020-06-06T11:56:50 EDT" duration-ms="4173" status="PASS">
          <params>
            <param index="0">
              <value>
                <![CDATA[[TestResult name=testSearchProduct status=FAILURE method=HomePageTest1.testSearchProduct()[pri:0, instance:hometest.HomePageTest1@71c3b41] output={null}]]]>
              </value>
            </param>
          </params>
          <reporter-output>
          </reporter-output>
        </test-method> <!-- afterEachTestMethod -->
        <test-method is-config="true" signature="cleanUp()[pri:0, instance:hometest.HomePageTest1@71c3b41]" started-at="2020-06-06T11:56:50 EDT" name="cleanUp" finished-at="2020-06-06T11:56:50 EDT" duration-ms="2" status="PASS">
          <reporter-output>
          </reporter-output>
        </test-method> <!-- cleanUp -->
      </class> <!-- hometest.HomePageTest1 -->
      <class name="hometest.HomePageTest">
        <test-method is-config="true" signature="extentSetup(org.testng.ITestContext)[pri:0, instance:hometest.HomePageTest@157853da]" started-at="2020-06-06T11:55:53 EDT" name="extentSetup" finished-at="2020-06-06T11:55:53 EDT" duration-ms="421" status="PASS">
          <params>
            <param index="0">
              <value>
                <![CDATA[org.testng.TestRunner@67403656]]>
              </value>
            </param>
          </params>
          <reporter-output>
            <line>
              <![CDATA[Extent Report DirectoryG:\SOFTWARE ENGINEERING\PROJECTS\IdeaProjects\PNT\LearnWebAutomationFramework_WeekendMorningSeleniumNY_Winter2020\Amazon\target\surefire-reports\html]]>
            </line>
          </reporter-output>
        </test-method> <!-- extentSetup -->
        <test-method is-config="true" signature="setUp(boolean, java.lang.String, java.lang.String, java.lang.String, java.lang.String, java.lang.String, java.lang.String)[pri:0, instance:hometest.HomePageTest@157853da]" started-at="2020-06-06T11:55:53 EDT" name="setUp" finished-at="2020-06-06T11:56:03 EDT" duration-ms="9363" status="PASS">
          <params>
            <param index="0">
              <value>
                <![CDATA[true]]>
              </value>
            </param>
            <param index="1">
              <value>
                <![CDATA[browserstack]]>
              </value>
            </param>
            <param index="2">
              <value>
                <![CDATA[windows]]>
              </value>
            </param>
            <param index="3">
              <value>
                <![CDATA[10]]>
              </value>
            </param>
            <param index="4">
              <value>
                <![CDATA[chrome]]>
              </value>
            </param>
            <param index="5">
              <value>
                <![CDATA[83]]>
              </value>
            </param>
            <param index="6">
              <value>
                <![CDATA[https://www.amazon.com]]>
              </value>
            </param>
          </params>
          <reporter-output>
          </reporter-output>
        </test-method> <!-- setUp -->
        <test-method is-config="true" signature="startExtent(java.lang.reflect.Method)[pri:0, instance:hometest.HomePageTest@157853da]" started-at="2020-06-06T11:56:03 EDT" name="startExtent" finished-at="2020-06-06T11:56:03 EDT" duration-ms="12" status="PASS">
          <params>
            <param index="0">
              <value>
                <![CDATA[public void hometest.HomePageTest.testSearchProduct() throws java.lang.InterruptedException]]>
              </value>
            </param>
          </params>
          <reporter-output>
          </reporter-output>
        </test-method> <!-- startExtent -->
        <test-method signature="testSearchProduct()[pri:0, instance:hometest.HomePageTest@157853da]" started-at="2020-06-06T11:56:03 EDT" name="testSearchProduct" finished-at="2020-06-06T11:56:15 EDT" duration-ms="12575" status="PASS">
          <reporter-output>
          </reporter-output>
        </test-method> <!-- testSearchProduct -->
        <test-method is-config="true" signature="afterEachTestMethod(org.testng.ITestResult)[pri:0, instance:hometest.HomePageTest@157853da]" started-at="2020-06-06T11:56:15 EDT" name="afterEachTestMethod" finished-at="2020-06-06T11:56:18 EDT" duration-ms="3047" status="PASS">
          <params>
            <param index="0">
              <value>
                <![CDATA[[TestResult name=testSearchProduct status=SUCCESS method=HomePageTest.testSearchProduct()[pri:0, instance:hometest.HomePageTest@157853da] output={null}]]]>
              </value>
            </param>
          </params>
          <reporter-output>
          </reporter-output>
        </test-method> <!-- afterEachTestMethod -->
        <test-method is-config="true" signature="cleanUp()[pri:0, instance:hometest.HomePageTest@157853da]" started-at="2020-06-06T11:56:18 EDT" name="cleanUp" finished-at="2020-06-06T11:56:18 EDT" duration-ms="1" status="PASS">
          <reporter-output>
          </reporter-output>
        </test-method> <!-- cleanUp -->
        <test-method is-config="true" signature="generateReport()[pri:0, instance:hometest.HomePageTest@157853da]" started-at="2020-06-06T11:56:50 EDT" name="generateReport" finished-at="2020-06-06T11:56:50 EDT" duration-ms="190" status="PASS">
          <reporter-output>
          </reporter-output>
        </test-method> <!-- generateReport -->
      </class> <!-- hometest.HomePageTest -->
    </test> <!-- HomePage -->
  </suite> <!-- Amazon Automation Script -->
</testng-results>
