<?xml version="1.0" encoding="UTF-8"?>
<!-- Generated by org.testng.reporters.JUnitXMLReporter -->
<testsuite ignored="2" hostname="MHSHAHIB" failures="1" tests="2" name="HomePage" time="56.645" errors="0" timestamp="2020-06-06T11:56:50 EDT">
  <testcase classname="hometest.HomePageTest" name="testSearchProduct" time="12.575"/>
  <testcase classname="hometest.HomePageTest1" name="testSearchProduct" time="13.694">
    <failure type="java.lang.AssertionError" message="I phone 11 Pro is not Displayed expected [&amp;quot;iphone 11 pr&amp;quot;] but found [&amp;quot;iphone 11 pro&amp;quot;]">
      <![CDATA[java.lang.AssertionError: I phone 11 Pro is not Displayed expected ["iphone 11 pr"] but found ["iphone 11 pro"]
at home.HomePage.validateSearchProduct1(HomePage.java:100)
at hometest.HomePageTest1.testSearchProduct(HomePageTest1.java:21)
at java.base/java.util.ArrayList.forEach(ArrayList.java:1540)
... Removed 35 stack frames]]>
    </failure>
  </testcase> <!-- testSearchProduct -->
  <testcase classname="common.WebAPI" name="@AfterSuite generateReport" time="0.0">
    <ignored/>
  </testcase> <!-- @AfterSuite generateReport -->
  <testcase classname="common.WebAPI" name="@BeforeSuite extentSetup" time="0.0">
    <ignored/>
  </testcase> <!-- @BeforeSuite extentSetup -->
</testsuite> <!-- HomePage -->
